[2018-09-07 03:06:00,684] - logger.py] - INFO: ------登录成功用例：start!---------
[2018-09-07 03:06:00,685] - logger.py] - INFO: 输入正确账号：这里是抓包后获取的博客园的加密账号
[2018-09-07 03:06:00,686] - logger.py] - INFO: 输入正确密码：这里是抓包后获取的博客园的加密密码
[2018-09-07 03:06:01,374] - logger.py] - INFO: ------登录失败用例：start!---------
[2018-09-07 03:06:01,375] - logger.py] - INFO: 输入正确账号：这里是抓包后获取的博客园的加密账号
[2018-09-07 03:06:01,376] - logger.py] - INFO: 输入错误密码：这里是抓包后获取的博客园的加密账号
[2018-09-07 03:06:01,534] - logger.py] - INFO: ----------start!-------
[2018-09-07 03:06:01,534] - logger.py] - INFO: 测试单号：560697415000  快递名称：天天快递
[2018-09-07 03:06:01,535] - logger.py] - INFO: 测试url地址：http://www.kuaidi.com/index-ajaxselectcourierinfo-560697415000-tiantian.html
[2018-09-07 03:06:02,035] - logger.py] - INFO: 获取请求结果：{'success': False, 'ico': '', 'phone': '', 'url': '', 'status': 0, 'companytype': 'tiantian', 'nu': '560697415000', 'company': None, 'reason': '快递公司参数异常：单号不存在或者已经过期', 'data': '', 'time': '', 'rank': '2.8', 'exceed': '', 'timeused': '--'}
[2018-09-07 03:06:02,035] - logger.py] - INFO: 获取公司名称：None
[2018-09-07 03:06:02,036] - logger.py] - INFO: 获取data内容：
[2018-09-07 03:06:02,060] - logger.py] - INFO: ----------start!-------
[2018-09-07 03:06:02,061] - logger.py] - INFO: 测试单号：1202247993797  快递名称：韵达快递
[2018-09-07 03:06:02,061] - logger.py] - INFO: 测试url地址：http://www.kuaidi.com/index-ajaxselectcourierinfo-1202247993797-yunda.html
[2018-09-07 03:06:02,172] - logger.py] - INFO: 获取请求结果：{'success': False, 'ico': '', 'phone': '', 'url': '', 'status': 0, 'companytype': 'yunda', 'nu': '1202247993797', 'company': None, 'reason': '快递公司参数异常：单号不存在或者已经过期', 'data': '', 'time': '', 'rank': '2.8', 'exceed': '', 'timeused': '--'}
[2018-09-07 03:06:02,173] - logger.py] - INFO: 获取公司名称：None
[2018-09-07 03:06:02,174] - logger.py] - INFO: 获取data内容：
[2018-09-07 03:06:02,175] - logger.py] - INFO: ------start!--------
[2018-09-07 03:06:02,175] - logger.py] - INFO: 第一步：登录
[2018-09-07 03:06:02,326] - logger.py] - INFO: ------start!--------
[2018-09-07 11:12:43,725] - logger.py] - INFO: ------登录成功用例：start!---------
[2018-09-07 11:12:43,726] - logger.py] - INFO: 输入正确账号：这里是抓包后获取的博客园的加密账号
[2018-09-07 11:12:43,728] - logger.py] - INFO: 输入正确密码：这里是抓包后获取的博客园的加密密码
[2018-09-07 11:12:44,240] - logger.py] - INFO: ------登录失败用例：start!---------
[2018-09-07 11:12:44,241] - logger.py] - INFO: 输入正确账号：这里是抓包后获取的博客园的加密账号
[2018-09-07 11:12:44,242] - logger.py] - INFO: 输入错误密码：这里是抓包后获取的博客园的加密账号
[2018-09-07 11:19:03,655] - logger.py] - INFO: ------登录成功用例：start!---------
[2018-09-07 11:19:03,656] - logger.py] - INFO: 输入正确账号：这里是抓包后获取的博客园的加密账号
[2018-09-07 11:19:03,657] - logger.py] - INFO: 输入正确密码：这里是抓包后获取的博客园的加密密码
[2018-09-07 11:19:03,974] - logger.py] - INFO: ------登录失败用例：start!---------
[2018-09-07 11:19:03,976] - logger.py] - INFO: 输入正确账号：这里是抓包后获取的博客园的加密账号
[2018-09-07 11:19:03,977] - logger.py] - INFO: 输入错误密码：这里是抓包后获取的博客园的加密账号
[2018-09-07 11:20:34,887] - logger.py] - INFO: ------start!--------
[2018-09-07 11:20:34,888] - logger.py] - INFO: 第一步：登录
[2018-09-07 11:20:35,052] - logger.py] - INFO: ------start!--------
