[2018-09-06 17:47:15,404] - logger.py] - INFO: ------登录成功用例：start!---------
[2018-09-06 17:47:15,405] - logger.py] - INFO: 输入正确账号：这里是抓包后获取的博客园的加密账号
[2018-09-06 17:47:15,406] - logger.py] - INFO: 输入正确密码：这里是抓包后获取的博客园的加密密码
[2018-09-06 17:47:16,266] - logger.py] - INFO: ------登录失败用例：start!---------
[2018-09-06 17:47:16,267] - logger.py] - INFO: 输入正确账号：这里是抓包后获取的博客园的加密账号
[2018-09-06 17:47:16,268] - logger.py] - INFO: 输入错误密码：这里是抓包后获取的博客园的加密账号
[2018-09-06 17:47:16,628] - logger.py] - INFO: ----------start!-------
[2018-09-06 17:47:16,629] - logger.py] - INFO: 测试单号：560697415000  快递名称：天天快递
[2018-09-06 17:47:16,630] - logger.py] - INFO: 测试url地址：http://www.kuaidi.com/index-ajaxselectcourierinfo-560697415000-tiantian.html
[2018-09-06 17:47:17,336] - logger.py] - INFO: 获取请求结果：{'success': False, 'ico': '', 'phone': '', 'url': '', 'status': 0, 'companytype': 'tiantian', 'nu': '560697415000', 'company': None, 'reason': '快递公司参数异常：单号不存在或者已经过期', 'data': '', 'time': '', 'rank': '2.8', 'exceed': '', 'timeused': '--'}
[2018-09-06 17:47:17,337] - logger.py] - INFO: 获取公司名称：None
[2018-09-06 17:47:17,338] - logger.py] - INFO: 获取data内容：
[2018-09-06 17:47:17,340] - logger.py] - INFO: ----------start!-------
[2018-09-06 17:47:17,341] - logger.py] - INFO: 测试单号：1202247993797  快递名称：韵达快递
[2018-09-06 17:47:17,342] - logger.py] - INFO: 测试url地址：http://www.kuaidi.com/index-ajaxselectcourierinfo-1202247993797-yunda.html
[2018-09-06 17:47:17,585] - logger.py] - INFO: 获取请求结果：{'success': False, 'ico': '', 'phone': '', 'url': '', 'status': 0, 'companytype': 'yunda', 'nu': '1202247993797', 'company': None, 'reason': '快递公司参数异常：单号不存在或者已经过期', 'data': '', 'time': '', 'rank': '2.8', 'exceed': '', 'timeused': '--'}
[2018-09-06 17:47:17,586] - logger.py] - INFO: 获取公司名称：None
[2018-09-06 17:47:17,587] - logger.py] - INFO: 获取data内容：
[2018-09-06 17:47:17,588] - logger.py] - INFO: ------start!--------
[2018-09-06 17:47:17,589] - logger.py] - INFO: 第一步：登录
[2018-09-06 17:47:17,846] - logger.py] - INFO: ------start!--------
